{"/home/marco.civettini-1/Desktop/esameIngSoft2/trentose2jan12-esameMarco/area.js": {"path":"/home/marco.civettini-1/Desktop/esameIngSoft2/trentose2jan12-esameMarco/area.js","statementMap":{"0":{"start":{"line":1,"column":15},"end":{"line":13,"column":1}},"1":{"start":{"line":2,"column":4},"end":{"line":12,"column":5}},"2":{"start":{"line":3,"column":8},"end":{"line":3,"column":18}},"3":{"start":{"line":4,"column":11},"end":{"line":12,"column":5}},"4":{"start":{"line":5,"column":8},"end":{"line":5,"column":18}},"5":{"start":{"line":6,"column":11},"end":{"line":12,"column":5}},"6":{"start":{"line":7,"column":8},"end":{"line":7,"column":18}},"7":{"start":{"line":8,"column":11},"end":{"line":12,"column":5}},"8":{"start":{"line":9,"column":8},"end":{"line":9,"column":18}},"9":{"start":{"line":11,"column":8},"end":{"line":11,"column":27}},"10":{"start":{"line":15,"column":0},"end":{"line":15,"column":25}}},"fnMap":{"0":{"name":"(anonymous_0)","decl":{"start":{"line":1,"column":15},"end":{"line":1,"column":16}},"loc":{"start":{"line":1,"column":22},"end":{"line":13,"column":1}},"line":1}},"branchMap":{"0":{"loc":{"start":{"line":2,"column":4},"end":{"line":12,"column":5}},"type":"if","locations":[{"start":{"line":2,"column":4},"end":{"line":12,"column":5}},{"start":{"line":2,"column":4},"end":{"line":12,"column":5}}],"line":2},"1":{"loc":{"start":{"line":4,"column":11},"end":{"line":12,"column":5}},"type":"if","locations":[{"start":{"line":4,"column":11},"end":{"line":12,"column":5}},{"start":{"line":4,"column":11},"end":{"line":12,"column":5}}],"line":4},"2":{"loc":{"start":{"line":6,"column":11},"end":{"line":12,"column":5}},"type":"if","locations":[{"start":{"line":6,"column":11},"end":{"line":12,"column":5}},{"start":{"line":6,"column":11},"end":{"line":12,"column":5}}],"line":6},"3":{"loc":{"start":{"line":6,"column":16},"end":{"line":6,"column":64}},"type":"binary-expr","locations":[{"start":{"line":6,"column":16},"end":{"line":6,"column":38}},{"start":{"line":6,"column":42},"end":{"line":6,"column":64}}],"line":6},"4":{"loc":{"start":{"line":8,"column":11},"end":{"line":12,"column":5}},"type":"if","locations":[{"start":{"line":8,"column":11},"end":{"line":12,"column":5}},{"start":{"line":8,"column":11},"end":{"line":12,"column":5}}],"line":8},"5":{"loc":{"start":{"line":8,"column":14},"end":{"line":8,"column":38}},"type":"binary-expr","locations":[{"start":{"line":8,"column":15},"end":{"line":8,"column":23}},{"start":{"line":8,"column":29},"end":{"line":8,"column":37}}],"line":8}},"s":{"0":1,"1":5,"2":1,"3":4,"4":1,"5":3,"6":1,"7":2,"8":1,"9":1,"10":1},"f":{"0":5},"b":{"0":[1,4],"1":[1,3],"2":[1,2],"3":[3,2],"4":[1,1],"5":[2,1]},"_coverageSchema":"332fd63041d2c1bcb487cc26dd0d5f7d97098a6c","hash":"46e247f06c6470d17396334068a85e0d0b8a9290"}
}
